2 DOTA
OKay? you Are
Basketball, Dear
moment the From
socks tube dad’s my rolling started I
imaginary shooting And
shots Game-winning
Forum Western Great the In
real: was thing one knew I
you. with love in fell I
— all my you gave I deep so love A
body & mind my From
soul. & spirit my To
boy six-year-old a As
you with love in Deeply
tunnel. the of end the saw never I
myself saw only I
one. of out Running
ran. I so And
court every down and up ran I
you. for ball loose every After
hustle my for asked You
heart my you gave I
more. much so with came it Because
hurt and sweat the through played I
me called challenge because Not
me. called YOU because But
YOU for everything did I
do you what that’s Because
as feel you makes someone When
feel. me made you’ve as Alive
dream Laker his boy six-year-old a gave You
it. for you love always I’ll And
longer. much for obsessively you love can’t I But
give. to left have I all is season This
pounding the take can heart My
grind the handle can mind My
goodbye. say to time it’s knows body my But
OK. that’s And
go. you let to ready I’m
now know to you want I
together. left have we moment every savor can both we So
bad. the and good The
other each given have We
 have. we that All
next do I what matter no know, both we And
kid that be always I’ll
socks up rolled the With
corner the in can Garbage
clock the on seconds :05
hands. my in Ball
1 … 2 … 3 … 4 … 5
always, you Love
Kobe
